# JRE version: OpenJDK Runtime Environment (8.0_242-b01) (build 1.8.0_242-release-1644-b01)
# Java VM: OpenJDK 64-Bit Server VM (25.242-b01 mixed mode windows-amd64 compressed oops)
Heap:
 PSYoungGen      total 75776K, used 17495K [0x00000000e0000000, 0x00000000e5700000, 0x0000000100000000)
  eden space 65536K, 11% used [0x00000000e0000000,0x00000000e077b458,0x00000000e4000000)
  from space 10240K, 96% used [0x00000000e4b00000,0x00000000e549a980,0x00000000e5500000)
  to   space 11264K, 0% used [0x00000000e4000000,0x00000000e4000000,0x00000000e4b00000)
 ParOldGen       total 59904K, used 9234K [0x00000000a0000000, 0x00000000a3a80000, 0x00000000e0000000)
  object space 59904K, 15% used [0x00000000a0000000,0x00000000a0904b58,0x00000000a3a80000)
 Metaspace       used 33179K, capacity 34360K, committed 34560K, reserved 1079296K
  class space    used 4497K, capacity 4785K, committed 4864K, reserved 1048576K
GC Heap History (10 events):
Event: 2.307 GC heap before
{Heap before GC invocations=5 (full 0):
 PSYoungGen      total 38400K, used 38399K [0x00000000e0000000, 0x00000000e4b00000, 0x0000000100000000)
  eden space 33280K, 100% used [0x00000000e0000000,0x00000000e2080000,0x00000000e2080000)
  from space 5120K, 99% used [0x00000000e2580000,0x00000000e2a7fc30,0x00000000e2a80000)
  to   space 5120K, 0% used [0x00000000e2080000,0x00000000e2080000,0x00000000e2580000)
 ParOldGen       total 87552K, used 3906K [0x00000000a0000000, 0x00000000a5580000, 0x00000000e0000000)
  object space 87552K, 4% used [0x00000000a0000000,0x00000000a03d0a28,0x00000000a5580000)
 Metaspace       used 17658K, capacity 18310K, committed 18560K, reserved 1064960K
  class space    used 2419K, capacity 2639K, committed 2688K, reserved 1048576K
Event: 2.315 GC heap after
Heap after GC invocations=5 (full 0):
 PSYoungGen      total 38400K, used 5104K [0x00000000e0000000, 0x00000000e5500000, 0x0000000100000000)
  eden space 33280K, 0% used [0x00000000e0000000,0x00000000e0000000,0x00000000e2080000)
  from space 5120K, 99% used [0x00000000e2080000,0x00000000e257c010,0x00000000e2580000)
  to   space 10240K, 0% used [0x00000000e4b00000,0x00000000e4b00000,0x00000000e5500000)
 ParOldGen       total 87552K, used 6841K [0x00000000a0000000, 0x00000000a5580000, 0x00000000e0000000)
  object space 87552K, 7% used [0x00000000a0000000,0x00000000a06ae578,0x00000000a5580000)
 Metaspace       used 17658K, capacity 18310K, committed 18560K, reserved 1064960K
  class space    used 2419K, capacity 2639K, committed 2688K, reserved 1048576K
}
Event: 2.600 GC heap before
{Heap before GC invocations=6 (full 0):
 PSYoungGen      total 38400K, used 35723K [0x00000000e0000000, 0x00000000e5500000, 0x0000000100000000)
  eden space 33280K, 92% used [0x00000000e0000000,0x00000000e1de6cc0,0x00000000e2080000)
  from space 5120K, 99% used [0x00000000e2080000,0x00000000e257c010,0x00000000e2580000)
  to   space 10240K, 0% used [0x00000000e4b00000,0x00000000e4b00000,0x00000000e5500000)
 ParOldGen       total 87552K, used 6841K [0x00000000a0000000, 0x00000000a5580000, 0x00000000e0000000)
  object space 87552K, 7% used [0x00000000a0000000,0x00000000a06ae578,0x00000000a5580000)
 Metaspace       used 20494K, capacity 21158K, committed 21248K, reserved 1067008K
  class space    used 2860K, capacity 3037K, committed 3072K, reserved 1048576K
Event: 2.606 GC heap after
Heap after GC invocations=6 (full 0):
 PSYoungGen      total 75776K, used 8723K [0x00000000e0000000, 0x00000000e5700000, 0x0000000100000000)
  eden space 65536K, 0% used [0x00000000e0000000,0x00000000e0000000,0x00000000e4000000)
  from space 10240K, 85% used [0x00000000e4b00000,0x00000000e5384c68,0x00000000e5500000)
  to   space 11264K, 0% used [0x00000000e4000000,0x00000000e4000000,0x00000000e4b00000)
 ParOldGen       total 87552K, used 6849K [0x00000000a0000000, 0x00000000a5580000, 0x00000000e0000000)
  object space 87552K, 7% used [0x00000000a0000000,0x00000000a06b0578,0x00000000a5580000)
 Metaspace       used 20494K, capacity 21158K, committed 21248K, reserved 1067008K
  class space    used 2860K, capacity 3037K, committed 3072K, reserved 1048576K
}
Event: 2.606 GC heap before
{Heap before GC invocations=7 (full 1):
 PSYoungGen      total 75776K, used 8723K [0x00000000e0000000, 0x00000000e5700000, 0x0000000100000000)
  eden space 65536K, 0% used [0x00000000e0000000,0x00000000e0000000,0x00000000e4000000)
  from space 10240K, 85% used [0x00000000e4b00000,0x00000000e5384c68,0x00000000e5500000)
  to   space 11264K, 0% used [0x00000000e4000000,0x00000000e4000000,0x00000000e4b00000)
 ParOldGen       total 87552K, used 6849K [0x00000000a0000000, 0x00000000a5580000, 0x00000000e0000000)
  object space 87552K, 7% used [0x00000000a0000000,0x00000000a06b0578,0x00000000a5580000)
 Metaspace       used 20494K, capacity 21158K, committed 21248K, reserved 1067008K
  class space    used 2860K, capacity 3037K, committed 3072K, reserved 1048576K
Event: 2.632 GC heap after
Heap after GC invocations=7 (full 1):
 PSYoungGen      total 75776K, used 0K [0x00000000e0000000, 0x00000000e5700000, 0x0000000100000000)
  eden space 65536K, 0% used [0x00000000e0000000,0x00000000e0000000,0x00000000e4000000)
  from space 10240K, 0% used [0x00000000e4b00000,0x00000000e4b00000,0x00000000e5500000)
  to   space 11264K, 0% used [0x00000000e4000000,0x00000000e4000000,0x00000000e4b00000)
 ParOldGen       total 59904K, used 9218K [0x00000000a0000000, 0x00000000a3a80000, 0x00000000e0000000)
  object space 59904K, 15% used [0x00000000a0000000,0x00000000a0900b58,0x00000000a3a80000)
 Metaspace       used 20494K, capacity 21158K, committed 21248K, reserved 1067008K
  class space    used 2860K, capacity 3037K, committed 3072K, reserved 1048576K
}
Event: 3.192 GC heap before
{Heap before GC invocations=8 (full 1):
 PSYoungGen      total 75776K, used 65536K [0x00000000e0000000, 0x00000000e5700000, 0x0000000100000000)
  eden space 65536K, 100% used [0x00000000e0000000,0x00000000e4000000,0x00000000e4000000)
  from space 10240K, 0% used [0x00000000e4b00000,0x00000000e4b00000,0x00000000e5500000)
  to   space 11264K, 0% used [0x00000000e4000000,0x00000000e4000000,0x00000000e4b00000)
 ParOldGen       total 59904K, used 9218K [0x00000000a0000000, 0x00000000a3a80000, 0x00000000e0000000)
  object space 59904K, 15% used [0x00000000a0000000,0x00000000a0900b58,0x00000000a3a80000)
 Metaspace       used 24871K, capacity 25842K, committed 25984K, reserved 1071104K
  class space    used 3564K, capacity 3849K, committed 3968K, reserved 1048576K
Event: 3.197 GC heap after
Heap after GC invocations=8 (full 1):
 PSYoungGen      total 76800K, used 5989K [0x00000000e0000000, 0x00000000e5700000, 0x0000000100000000)
  eden space 65536K, 0% used [0x00000000e0000000,0x00000000e0000000,0x00000000e4000000)
  from space 11264K, 53% used [0x00000000e4000000,0x00000000e45d9628,0x00000000e4b00000)
  to   space 10240K, 0% used [0x00000000e4b00000,0x00000000e4b00000,0x00000000e5500000)
 ParOldGen       total 59904K, used 9226K [0x00000000a0000000, 0x00000000a3a80000, 0x00000000e0000000)
  object space 59904K, 15% used [0x00000000a0000000,0x00000000a0902b58,0x00000000a3a80000)
 Metaspace       used 24871K, capacity 25842K, committed 25984K, reserved 1071104K
  class space    used 3564K, capacity 3849K, committed 3968K, reserved 1048576K
}
Event: 3.841 GC heap before
{Heap before GC invocations=9 (full 1):
 PSYoungGen      total 76800K, used 71525K [0x00000000e0000000, 0x00000000e5700000, 0x0000000100000000)
  eden space 65536K, 100% used [0x00000000e0000000,0x00000000e4000000,0x00000000e4000000)
  from space 11264K, 53% used [0x00000000e4000000,0x00000000e45d9628,0x00000000e4b00000)
  to   space 10240K, 0% used [0x00000000e4b00000,0x00000000e4b00000,0x00000000e5500000)
 ParOldGen       total 59904K, used 9226K [0x00000000a0000000, 0x00000000a3a80000, 0x00000000e0000000)
  object space 59904K, 15% used [0x00000000a0000000,0x00000000a0902b58,0x00000000a3a80000)
 Metaspace       used 32893K, capacity 34040K, committed 34304K, reserved 1079296K
  class space    used 4445K, capacity 4745K, committed 4864K, reserved 1048576K
Event: 3.847 GC heap after
Heap after GC invocations=9 (full 1):
 PSYoungGen      total 75776K, used 9834K [0x00000000e0000000, 0x00000000e5700000, 0x0000000100000000)
  eden space 65536K, 0% used [0x00000000e0000000,0x00000000e0000000,0x00000000e4000000)
  from space 10240K, 96% used [0x00000000e4b00000,0x00000000e549a980,0x00000000e5500000)
  to   space 11264K, 0% used [0x00000000e4000000,0x00000000e4000000,0x00000000e4b00000)
 ParOldGen       total 59904K, used 9234K [0x00000000a0000000, 0x00000000a3a80000, 0x00000000e0000000)
  object space 59904K, 15% used [0x00000000a0000000,0x00000000a0904b58,0x00000000a3a80000)
 Metaspace       used 32893K, capacity 34040K, committed 34304K, reserved 1079296K
  class space    used 4445K, capacity 4745K, committed 4864K, reserved 1048576K
}

