# JRE version: OpenJDK Runtime Environment (8.0_242-b01) (build 1.8.0_242-release-1644-b01)
# Java VM: OpenJDK 64-Bit Server VM (25.242-b01 mixed mode windows-amd64 compressed oops)
Heap:
 PSYoungGen      total 138240K, used 89730K [0x00000000e0000000, 0x00000000e8c00000, 0x0000000100000000)
  eden space 133120K, 63% used [0x00000000e0000000,0x00000000e52a8aa8,0x00000000e8200000)
  from space 5120K, 99% used [0x00000000e8200000,0x00000000e86f8030,0x00000000e8700000)
  to   space 5120K, 0% used [0x00000000e8700000,0x00000000e8700000,0x00000000e8c00000)
 ParOldGen       total 68096K, used 35474K [0x00000000a0000000, 0x00000000a4280000, 0x00000000e0000000)
  object space 68096K, 52% used [0x00000000a0000000,0x00000000a22a4aa8,0x00000000a4280000)
 Metaspace       used 55671K, capacity 58086K, committed 58328K, reserved 1099776K
  class space    used 7432K, capacity 7924K, committed 7936K, reserved 1048576K
GC Heap History (10 events):
Event: 4.874 GC heap before
{Heap before GC invocations=7 (full 1):
 PSYoungGen      total 138240K, used 133120K [0x00000000e0000000, 0x00000000e8c00000, 0x0000000100000000)
  eden space 133120K, 100% used [0x00000000e0000000,0x00000000e8200000,0x00000000e8200000)
  from space 5120K, 0% used [0x00000000e8200000,0x00000000e8200000,0x00000000e8700000)
  to   space 5120K, 0% used [0x00000000e8700000,0x00000000e8700000,0x00000000e8c00000)
 ParOldGen       total 51200K, used 8126K [0x00000000a0000000, 0x00000000a3200000, 0x00000000e0000000)
  object space 51200K, 15% used [0x00000000a0000000,0x00000000a07ef9b0,0x00000000a3200000)
 Metaspace       used 32502K, capacity 33638K, committed 33920K, reserved 1079296K
  class space    used 4385K, capacity 4660K, committed 4736K, reserved 1048576K
Event: 4.885 GC heap after
Heap after GC invocations=7 (full 1):
 PSYoungGen      total 138240K, used 5120K [0x00000000e0000000, 0x00000000e8c00000, 0x0000000100000000)
  eden space 133120K, 0% used [0x00000000e0000000,0x00000000e0000000,0x00000000e8200000)
  from space 5120K, 100% used [0x00000000e8700000,0x00000000e8c00000,0x00000000e8c00000)
  to   space 5120K, 0% used [0x00000000e8200000,0x00000000e8200000,0x00000000e8700000)
 ParOldGen       total 51200K, used 15915K [0x00000000a0000000, 0x00000000a3200000, 0x00000000e0000000)
  object space 51200K, 31% used [0x00000000a0000000,0x00000000a0f8af10,0x00000000a3200000)
 Metaspace       used 32502K, capacity 33638K, committed 33920K, reserved 1079296K
  class space    used 4385K, capacity 4660K, committed 4736K, reserved 1048576K
}
Event: 5.311 GC heap before
{Heap before GC invocations=8 (full 1):
 PSYoungGen      total 138240K, used 42564K [0x00000000e0000000, 0x00000000e8c00000, 0x0000000100000000)
  eden space 133120K, 28% used [0x00000000e0000000,0x00000000e2491090,0x00000000e8200000)
  from space 5120K, 100% used [0x00000000e8700000,0x00000000e8c00000,0x00000000e8c00000)
  to   space 5120K, 0% used [0x00000000e8200000,0x00000000e8200000,0x00000000e8700000)
 ParOldGen       total 51200K, used 15915K [0x00000000a0000000, 0x00000000a3200000, 0x00000000e0000000)
  object space 51200K, 31% used [0x00000000a0000000,0x00000000a0f8af10,0x00000000a3200000)
 Metaspace       used 33998K, capacity 35250K, committed 35416K, reserved 1079296K
  class space    used 4585K, capacity 4880K, committed 4992K, reserved 1048576K
Event: 5.320 GC heap after
Heap after GC invocations=8 (full 1):
 PSYoungGen      total 138240K, used 5120K [0x00000000e0000000, 0x00000000e8c00000, 0x0000000100000000)
  eden space 133120K, 0% used [0x00000000e0000000,0x00000000e0000000,0x00000000e8200000)
  from space 5120K, 100% used [0x00000000e8200000,0x00000000e8700000,0x00000000e8700000)
  to   space 5120K, 0% used [0x00000000e8700000,0x00000000e8700000,0x00000000e8c00000)
 ParOldGen       total 51200K, used 18659K [0x00000000a0000000, 0x00000000a3200000, 0x00000000e0000000)
  object space 51200K, 36% used [0x00000000a0000000,0x00000000a1238c88,0x00000000a3200000)
 Metaspace       used 33998K, capacity 35250K, committed 35416K, reserved 1079296K
  class space    used 4585K, capacity 4880K, committed 4992K, reserved 1048576K
}
Event: 5.320 GC heap before
{Heap before GC invocations=9 (full 2):
 PSYoungGen      total 138240K, used 5120K [0x00000000e0000000, 0x00000000e8c00000, 0x0000000100000000)
  eden space 133120K, 0% used [0x00000000e0000000,0x00000000e0000000,0x00000000e8200000)
  from space 5120K, 100% used [0x00000000e8200000,0x00000000e8700000,0x00000000e8700000)
  to   space 5120K, 0% used [0x00000000e8700000,0x00000000e8700000,0x00000000e8c00000)
 ParOldGen       total 51200K, used 18659K [0x00000000a0000000, 0x00000000a3200000, 0x00000000e0000000)
  object space 51200K, 36% used [0x00000000a0000000,0x00000000a1238c88,0x00000000a3200000)
 Metaspace       used 33998K, capacity 35250K, committed 35416K, reserved 1079296K
  class space    used 4585K, capacity 4880K, committed 4992K, reserved 1048576K
Event: 5.388 GC heap after
Heap after GC invocations=9 (full 2):
 PSYoungGen      total 138240K, used 0K [0x00000000e0000000, 0x00000000e8c00000, 0x0000000100000000)
  eden space 133120K, 0% used [0x00000000e0000000,0x00000000e0000000,0x00000000e8200000)
  from space 5120K, 0% used [0x00000000e8200000,0x00000000e8200000,0x00000000e8700000)
  to   space 5120K, 0% used [0x00000000e8700000,0x00000000e8700000,0x00000000e8c00000)
 ParOldGen       total 68096K, used 16209K [0x00000000a0000000, 0x00000000a4280000, 0x00000000e0000000)
  object space 68096K, 23% used [0x00000000a0000000,0x00000000a0fd44b0,0x00000000a4280000)
 Metaspace       used 33998K, capacity 35250K, committed 35416K, reserved 1079296K
  class space    used 4585K, capacity 4880K, committed 4992K, reserved 1048576K
}
Event: 6.454 GC heap before
{Heap before GC invocations=10 (full 2):
 PSYoungGen      total 138240K, used 133120K [0x00000000e0000000, 0x00000000e8c00000, 0x0000000100000000)
  eden space 133120K, 100% used [0x00000000e0000000,0x00000000e8200000,0x00000000e8200000)
  from space 5120K, 0% used [0x00000000e8200000,0x00000000e8200000,0x00000000e8700000)
  to   space 5120K, 0% used [0x00000000e8700000,0x00000000e8700000,0x00000000e8c00000)
 ParOldGen       total 68096K, used 16209K [0x00000000a0000000, 0x00000000a4280000, 0x00000000e0000000)
  object space 68096K, 23% used [0x00000000a0000000,0x00000000a0fd44b0,0x00000000a4280000)
 Metaspace       used 38702K, capacity 40620K, committed 40792K, reserved 1085440K
  class space    used 5321K, capacity 5725K, committed 5760K, reserved 1048576K
Event: 6.462 GC heap after
Heap after GC invocations=10 (full 2):
 PSYoungGen      total 138240K, used 5088K [0x00000000e0000000, 0x00000000e8c00000, 0x0000000100000000)
  eden space 133120K, 0% used [0x00000000e0000000,0x00000000e0000000,0x00000000e8200000)
  from space 5120K, 99% used [0x00000000e8700000,0x00000000e8bf8040,0x00000000e8c00000)
  to   space 5120K, 0% used [0x00000000e8200000,0x00000000e8200000,0x00000000e8700000)
 ParOldGen       total 68096K, used 20361K [0x00000000a0000000, 0x00000000a4280000, 0x00000000e0000000)
  object space 68096K, 29% used [0x00000000a0000000,0x00000000a13e27b8,0x00000000a4280000)
 Metaspace       used 38702K, capacity 40620K, committed 40792K, reserved 1085440K
  class space    used 5321K, capacity 5725K, committed 5760K, reserved 1048576K
}
Event: 7.807 GC heap before
{Heap before GC invocations=11 (full 2):
 PSYoungGen      total 138240K, used 137291K [0x00000000e0000000, 0x00000000e8c00000, 0x0000000100000000)
  eden space 133120K, 99% used [0x00000000e0000000,0x00000000e811ae70,0x00000000e8200000)
  from space 5120K, 99% used [0x00000000e8700000,0x00000000e8bf8040,0x00000000e8c00000)
  to   space 5120K, 0% used [0x00000000e8200000,0x00000000e8200000,0x00000000e8700000)
 ParOldGen       total 68096K, used 20361K [0x00000000a0000000, 0x00000000a4280000, 0x00000000e0000000)
  object space 68096K, 29% used [0x00000000a0000000,0x00000000a13e27b8,0x00000000a4280000)
 Metaspace       used 49509K, capacity 51796K, committed 51928K, reserved 1093632K
  class space    used 6674K, capacity 7128K, committed 7168K, reserved 1048576K
Event: 7.819 GC heap after
Heap after GC invocations=11 (full 2):
 PSYoungGen      total 138240K, used 5088K [0x00000000e0000000, 0x00000000e8c00000, 0x0000000100000000)
  eden space 133120K, 0% used [0x00000000e0000000,0x00000000e0000000,0x00000000e8200000)
  from space 5120K, 99% used [0x00000000e8200000,0x00000000e86f8030,0x00000000e8700000)
  to   space 5120K, 0% used [0x00000000e8700000,0x00000000e8700000,0x00000000e8c00000)
 ParOldGen       total 68096K, used 35474K [0x00000000a0000000, 0x00000000a4280000, 0x00000000e0000000)
  object space 68096K, 52% used [0x00000000a0000000,0x00000000a22a4aa8,0x00000000a4280000)
 Metaspace       used 49509K, capacity 51796K, committed 51928K, reserved 1093632K
  class space    used 6674K, capacity 7128K, committed 7168K, reserved 1048576K
}

