# JRE version: OpenJDK Runtime Environment (8.0_242-b01) (build 1.8.0_242-release-1644-b01)
# Java VM: OpenJDK 64-Bit Server VM (25.242-b01 mixed mode windows-amd64 compressed oops)
Heap:
 PSYoungGen      total 181248K, used 29266K [0x00000000e0000000, 0x00000000ee700000, 0x0000000100000000)
  eden space 164352K, 7% used [0x00000000e0000000,0x00000000e0c19670,0x00000000ea080000)
  from space 16896K, 99% used [0x00000000ea080000,0x00000000eb0fb3e0,0x00000000eb100000)
  to   space 19456K, 0% used [0x00000000ed400000,0x00000000ed400000,0x00000000ee700000)
 ParOldGen       total 136704K, used 32850K [0x00000000a0000000, 0x00000000a8580000, 0x00000000e0000000)
  object space 136704K, 24% used [0x00000000a0000000,0x00000000a2014be0,0x00000000a8580000)
 Metaspace       used 66578K, capacity 69310K, committed 69464K, reserved 1110016K
  class space    used 8946K, capacity 9486K, committed 9600K, reserved 1048576K
GC Heap History (10 events):
Event: 5.211 GC heap before
{Heap before GC invocations=12 (full 2):
 PSYoungGen      total 114688K, used 102912K [0x00000000e0000000, 0x00000000e9f00000, 0x0000000100000000)
  eden space 102912K, 100% used [0x00000000e0000000,0x00000000e6480000,0x00000000e6480000)
  from space 11776K, 0% used [0x00000000e6480000,0x00000000e6480000,0x00000000e7000000)
  to   space 11776K, 0% used [0x00000000e9380000,0x00000000e9380000,0x00000000e9f00000)
 ParOldGen       total 88576K, used 14510K [0x00000000a0000000, 0x00000000a5680000, 0x00000000e0000000)
  object space 88576K, 16% used [0x00000000a0000000,0x00000000a0e2b940,0x00000000a5680000)
 Metaspace       used 40437K, capacity 42058K, committed 42200K, reserved 1085440K
  class space    used 5484K, capacity 5852K, committed 5888K, reserved 1048576K
Event: 5.221 GC heap after
Heap after GC invocations=12 (full 2):
 PSYoungGen      total 143360K, used 10893K [0x00000000e0000000, 0x00000000e9e80000, 0x0000000100000000)
  eden space 132096K, 0% used [0x00000000e0000000,0x00000000e0000000,0x00000000e8100000)
  from space 11264K, 96% used [0x00000000e9380000,0x00000000e9e23678,0x00000000e9e80000)
  to   space 12800K, 0% used [0x00000000e8580000,0x00000000e8580000,0x00000000e9200000)
 ParOldGen       total 88576K, used 14518K [0x00000000a0000000, 0x00000000a5680000, 0x00000000e0000000)
  object space 88576K, 16% used [0x00000000a0000000,0x00000000a0e2d940,0x00000000a5680000)
 Metaspace       used 40437K, capacity 42058K, committed 42200K, reserved 1085440K
  class space    used 5484K, capacity 5852K, committed 5888K, reserved 1048576K
}
Event: 8.057 GC heap before
{Heap before GC invocations=13 (full 2):
 PSYoungGen      total 143360K, used 142989K [0x00000000e0000000, 0x00000000e9e80000, 0x0000000100000000)
  eden space 132096K, 100% used [0x00000000e0000000,0x00000000e8100000,0x00000000e8100000)
  from space 11264K, 96% used [0x00000000e9380000,0x00000000e9e23678,0x00000000e9e80000)
  to   space 12800K, 0% used [0x00000000e8580000,0x00000000e8580000,0x00000000e9200000)
 ParOldGen       total 88576K, used 14518K [0x00000000a0000000, 0x00000000a5680000, 0x00000000e0000000)
  object space 88576K, 16% used [0x00000000a0000000,0x00000000a0e2d940,0x00000000a5680000)
 Metaspace       used 49081K, capacity 51328K, committed 51544K, reserved 1093632K
  class space    used 6540K, capacity 6995K, committed 7040K, reserved 1048576K
Event: 8.069 GC heap after
Heap after GC invocations=13 (full 2):
 PSYoungGen      total 149504K, used 12794K [0x00000000e0000000, 0x00000000ec000000, 0x0000000100000000)
  eden space 136704K, 0% used [0x00000000e0000000,0x00000000e0000000,0x00000000e8580000)
  from space 12800K, 99% used [0x00000000e8580000,0x00000000e91fe910,0x00000000e9200000)
  to   space 15360K, 0% used [0x00000000eb100000,0x00000000eb100000,0x00000000ec000000)
 ParOldGen       total 88576K, used 17450K [0x00000000a0000000, 0x00000000a5680000, 0x00000000e0000000)
  object space 88576K, 19% used [0x00000000a0000000,0x00000000a110a930,0x00000000a5680000)
 Metaspace       used 49081K, capacity 51328K, committed 51544K, reserved 1093632K
  class space    used 6540K, capacity 6995K, committed 7040K, reserved 1048576K
}
Event: 9.029 GC heap before
{Heap before GC invocations=14 (full 2):
 PSYoungGen      total 149504K, used 93376K [0x00000000e0000000, 0x00000000ec000000, 0x0000000100000000)
  eden space 136704K, 58% used [0x00000000e0000000,0x00000000e4eb18b0,0x00000000e8580000)
  from space 12800K, 99% used [0x00000000e8580000,0x00000000e91fe910,0x00000000e9200000)
  to   space 15360K, 0% used [0x00000000eb100000,0x00000000eb100000,0x00000000ec000000)
 ParOldGen       total 88576K, used 17450K [0x00000000a0000000, 0x00000000a5680000, 0x00000000e0000000)
  object space 88576K, 19% used [0x00000000a0000000,0x00000000a110a930,0x00000000a5680000)
 Metaspace       used 56553K, capacity 58916K, committed 59028K, reserved 1099776K
  class space    used 7425K, capacity 7895K, committed 7936K, reserved 1048576K
Event: 9.044 GC heap after
Heap after GC invocations=14 (full 2):
 PSYoungGen      total 179712K, used 14567K [0x00000000e0000000, 0x00000000eca80000, 0x0000000100000000)
  eden space 164352K, 0% used [0x00000000e0000000,0x00000000e0000000,0x00000000ea080000)
  from space 15360K, 94% used [0x00000000eb100000,0x00000000ebf39e20,0x00000000ec000000)
  to   space 16896K, 0% used [0x00000000ea080000,0x00000000ea080000,0x00000000eb100000)
 ParOldGen       total 88576K, used 22988K [0x00000000a0000000, 0x00000000a5680000, 0x00000000e0000000)
  object space 88576K, 25% used [0x00000000a0000000,0x00000000a1673150,0x00000000a5680000)
 Metaspace       used 56553K, capacity 58916K, committed 59028K, reserved 1099776K
  class space    used 7425K, capacity 7895K, committed 7936K, reserved 1048576K
}
Event: 9.044 GC heap before
{Heap before GC invocations=15 (full 3):
 PSYoungGen      total 179712K, used 14567K [0x00000000e0000000, 0x00000000eca80000, 0x0000000100000000)
  eden space 164352K, 0% used [0x00000000e0000000,0x00000000e0000000,0x00000000ea080000)
  from space 15360K, 94% used [0x00000000eb100000,0x00000000ebf39e20,0x00000000ec000000)
  to   space 16896K, 0% used [0x00000000ea080000,0x00000000ea080000,0x00000000eb100000)
 ParOldGen       total 88576K, used 22988K [0x00000000a0000000, 0x00000000a5680000, 0x00000000e0000000)
  object space 88576K, 25% used [0x00000000a0000000,0x00000000a1673150,0x00000000a5680000)
 Metaspace       used 56553K, capacity 58916K, committed 59028K, reserved 1099776K
  class space    used 7425K, capacity 7895K, committed 7936K, reserved 1048576K
Event: 9.252 GC heap after
Heap after GC invocations=15 (full 3):
 PSYoungGen      total 179712K, used 0K [0x00000000e0000000, 0x00000000eca80000, 0x0000000100000000)
  eden space 164352K, 0% used [0x00000000e0000000,0x00000000e0000000,0x00000000ea080000)
  from space 15360K, 0% used [0x00000000eb100000,0x00000000eb100000,0x00000000ec000000)
  to   space 16896K, 0% used [0x00000000ea080000,0x00000000ea080000,0x00000000eb100000)
 ParOldGen       total 136704K, used 32584K [0x00000000a0000000, 0x00000000a8580000, 0x00000000e0000000)
  object space 136704K, 23% used [0x00000000a0000000,0x00000000a1fd2108,0x00000000a8580000)
 Metaspace       used 56449K, capacity 58642K, committed 59028K, reserved 1099776K
  class space    used 7394K, capacity 7849K, committed 7936K, reserved 1048576K
}
Event: 12.081 GC heap before
{Heap before GC invocations=16 (full 3):
 PSYoungGen      total 179712K, used 164352K [0x00000000e0000000, 0x00000000eca80000, 0x0000000100000000)
  eden space 164352K, 100% used [0x00000000e0000000,0x00000000ea080000,0x00000000ea080000)
  from space 15360K, 0% used [0x00000000eb100000,0x00000000eb100000,0x00000000ec000000)
  to   space 16896K, 0% used [0x00000000ea080000,0x00000000ea080000,0x00000000eb100000)
 ParOldGen       total 136704K, used 32584K [0x00000000a0000000, 0x00000000a8580000, 0x00000000e0000000)
  object space 136704K, 23% used [0x00000000a0000000,0x00000000a1fd2108,0x00000000a8580000)
 Metaspace       used 66333K, capacity 69100K, committed 69336K, reserved 1110016K
  class space    used 8902K, capacity 9419K, committed 9472K, reserved 1048576K
Event: 12.117 GC heap after
Heap after GC invocations=16 (full 3):
 PSYoungGen      total 181248K, used 16876K [0x00000000e0000000, 0x00000000ee700000, 0x0000000100000000)
  eden space 164352K, 0% used [0x00000000e0000000,0x00000000e0000000,0x00000000ea080000)
  from space 16896K, 99% used [0x00000000ea080000,0x00000000eb0fb3e0,0x00000000eb100000)
  to   space 19456K, 0% used [0x00000000ed400000,0x00000000ed400000,0x00000000ee700000)
 ParOldGen       total 136704K, used 32850K [0x00000000a0000000, 0x00000000a8580000, 0x00000000e0000000)
  object space 136704K, 24% used [0x00000000a0000000,0x00000000a2014be0,0x00000000a8580000)
 Metaspace       used 66333K, capacity 69100K, committed 69336K, reserved 1110016K
  class space    used 8902K, capacity 9419K, committed 9472K, reserved 1048576K
}

