# JRE version: OpenJDK Runtime Environment (8.0_242-b01) (build 1.8.0_242-release-1644-b01)
# Java VM: OpenJDK 64-Bit Server VM (25.242-b01 mixed mode windows-amd64 compressed oops)
Heap:
 PSYoungGen      total 156160K, used 106070K [0x00000000e0000000, 0x00000000eba00000, 0x0000000100000000)
  eden space 144384K, 65% used [0x00000000e0000000,0x00000000e5c16018,0x00000000e8d00000)
  from space 11776K, 99% used [0x00000000e8d00000,0x00000000e987faa0,0x00000000e9880000)
  to   space 15360K, 0% used [0x00000000eab00000,0x00000000eab00000,0x00000000eba00000)
 ParOldGen       total 89088K, used 20914K [0x00000000a0000000, 0x00000000a5700000, 0x00000000e0000000)
  object space 89088K, 23% used [0x00000000a0000000,0x00000000a146cb50,0x00000000a5700000)
 Metaspace       used 55183K, capacity 57530K, committed 57816K, reserved 1099776K
  class space    used 7354K, capacity 7828K, committed 7936K, reserved 1048576K
GC Heap History (10 events):
Event: 4.637 GC heap before
{Heap before GC invocations=9 (full 1):
 PSYoungGen      total 76800K, used 71369K [0x00000000e0000000, 0x00000000e7d00000, 0x0000000100000000)
  eden space 65536K, 100% used [0x00000000e0000000,0x00000000e4000000,0x00000000e4000000)
  from space 11264K, 51% used [0x00000000e4000000,0x00000000e45b2730,0x00000000e4b00000)
  to   space 10752K, 0% used [0x00000000e7280000,0x00000000e7280000,0x00000000e7d00000)
 ParOldGen       total 58368K, used 9536K [0x00000000a0000000, 0x00000000a3900000, 0x00000000e0000000)
  object space 58368K, 16% used [0x00000000a0000000,0x00000000a0950118,0x00000000a3900000)
 Metaspace       used 32884K, capacity 34034K, committed 34304K, reserved 1079296K
  class space    used 4447K, capacity 4744K, committed 4864K, reserved 1048576K
Event: 4.650 GC heap after
Heap after GC invocations=9 (full 1):
 PSYoungGen      total 116224K, used 9791K [0x00000000e0000000, 0x00000000e7e80000, 0x0000000100000000)
  eden space 105472K, 0% used [0x00000000e0000000,0x00000000e0000000,0x00000000e6700000)
  from space 10752K, 91% used [0x00000000e7280000,0x00000000e7c0fe98,0x00000000e7d00000)
  to   space 11776K, 0% used [0x00000000e6700000,0x00000000e6700000,0x00000000e7280000)
 ParOldGen       total 58368K, used 9544K [0x00000000a0000000, 0x00000000a3900000, 0x00000000e0000000)
  object space 58368K, 16% used [0x00000000a0000000,0x00000000a0952118,0x00000000a3900000)
 Metaspace       used 32884K, capacity 34034K, committed 34304K, reserved 1079296K
  class space    used 4447K, capacity 4744K, committed 4864K, reserved 1048576K
}
Event: 5.030 GC heap before
{Heap before GC invocations=10 (full 1):
 PSYoungGen      total 116224K, used 37541K [0x00000000e0000000, 0x00000000e7e80000, 0x0000000100000000)
  eden space 105472K, 26% used [0x00000000e0000000,0x00000000e1b19850,0x00000000e6700000)
  from space 10752K, 91% used [0x00000000e7280000,0x00000000e7c0fe98,0x00000000e7d00000)
  to   space 11776K, 0% used [0x00000000e6700000,0x00000000e6700000,0x00000000e7280000)
 ParOldGen       total 58368K, used 9544K [0x00000000a0000000, 0x00000000a3900000, 0x00000000e0000000)
  object space 58368K, 16% used [0x00000000a0000000,0x00000000a0952118,0x00000000a3900000)
 Metaspace       used 33996K, capacity 35276K, committed 35416K, reserved 1079296K
  class space    used 4592K, capacity 4911K, committed 4992K, reserved 1048576K
Event: 5.039 GC heap after
Heap after GC invocations=10 (full 1):
 PSYoungGen      total 117248K, used 7949K [0x00000000e0000000, 0x00000000ea680000, 0x0000000100000000)
  eden space 105472K, 0% used [0x00000000e0000000,0x00000000e0000000,0x00000000e6700000)
  from space 11776K, 67% used [0x00000000e6700000,0x00000000e6ec3710,0x00000000e7280000)
  to   space 11776K, 0% used [0x00000000e9b00000,0x00000000e9b00000,0x00000000ea680000)
 ParOldGen       total 58368K, used 9552K [0x00000000a0000000, 0x00000000a3900000, 0x00000000e0000000)
  object space 58368K, 16% used [0x00000000a0000000,0x00000000a0954118,0x00000000a3900000)
 Metaspace       used 33996K, capacity 35276K, committed 35416K, reserved 1079296K
  class space    used 4592K, capacity 4911K, committed 4992K, reserved 1048576K
}
Event: 5.039 GC heap before
{Heap before GC invocations=11 (full 2):
 PSYoungGen      total 117248K, used 7949K [0x00000000e0000000, 0x00000000ea680000, 0x0000000100000000)
  eden space 105472K, 0% used [0x00000000e0000000,0x00000000e0000000,0x00000000e6700000)
  from space 11776K, 67% used [0x00000000e6700000,0x00000000e6ec3710,0x00000000e7280000)
  to   space 11776K, 0% used [0x00000000e9b00000,0x00000000e9b00000,0x00000000ea680000)
 ParOldGen       total 58368K, used 9552K [0x00000000a0000000, 0x00000000a3900000, 0x00000000e0000000)
  object space 58368K, 16% used [0x00000000a0000000,0x00000000a0954118,0x00000000a3900000)
 Metaspace       used 33996K, capacity 35276K, committed 35416K, reserved 1079296K
  class space    used 4592K, capacity 4911K, committed 4992K, reserved 1048576K
Event: 5.107 GC heap after
Heap after GC invocations=11 (full 2):
 PSYoungGen      total 117248K, used 0K [0x00000000e0000000, 0x00000000ea680000, 0x0000000100000000)
  eden space 105472K, 0% used [0x00000000e0000000,0x00000000e0000000,0x00000000e6700000)
  from space 11776K, 0% used [0x00000000e6700000,0x00000000e6700000,0x00000000e7280000)
  to   space 11776K, 0% used [0x00000000e9b00000,0x00000000e9b00000,0x00000000ea680000)
 ParOldGen       total 89088K, used 14806K [0x00000000a0000000, 0x00000000a5700000, 0x00000000e0000000)
  object space 89088K, 16% used [0x00000000a0000000,0x00000000a0e75818,0x00000000a5700000)
 Metaspace       used 33996K, capacity 35276K, committed 35416K, reserved 1079296K
  class space    used 4592K, capacity 4911K, committed 4992K, reserved 1048576K
}
Event: 6.686 GC heap before
{Heap before GC invocations=12 (full 2):
 PSYoungGen      total 117248K, used 105472K [0x00000000e0000000, 0x00000000ea680000, 0x0000000100000000)
  eden space 105472K, 100% used [0x00000000e0000000,0x00000000e6700000,0x00000000e6700000)
  from space 11776K, 0% used [0x00000000e6700000,0x00000000e6700000,0x00000000e7280000)
  to   space 11776K, 0% used [0x00000000e9b00000,0x00000000e9b00000,0x00000000ea680000)
 ParOldGen       total 89088K, used 14806K [0x00000000a0000000, 0x00000000a5700000, 0x00000000e0000000)
  object space 89088K, 16% used [0x00000000a0000000,0x00000000a0e75818,0x00000000a5700000)
 Metaspace       used 38611K, capacity 40482K, committed 40536K, reserved 1083392K
  class space    used 5324K, capacity 5724K, committed 5760K, reserved 1048576K
Event: 6.694 GC heap after
Heap after GC invocations=12 (full 2):
 PSYoungGen      total 139776K, used 9031K [0x00000000e0000000, 0x00000000ea400000, 0x0000000100000000)
  eden space 130560K, 0% used [0x00000000e0000000,0x00000000e0000000,0x00000000e7f80000)
  from space 9216K, 97% used [0x00000000e9b00000,0x00000000ea3d1e98,0x00000000ea400000)
  to   space 11776K, 0% used [0x00000000e8d00000,0x00000000e8d00000,0x00000000e9880000)
 ParOldGen       total 89088K, used 14814K [0x00000000a0000000, 0x00000000a5700000, 0x00000000e0000000)
  object space 89088K, 16% used [0x00000000a0000000,0x00000000a0e77818,0x00000000a5700000)
 Metaspace       used 38611K, capacity 40482K, committed 40536K, reserved 1083392K
  class space    used 5324K, capacity 5724K, committed 5760K, reserved 1048576K
}
Event: 8.227 GC heap before
{Heap before GC invocations=13 (full 2):
 PSYoungGen      total 139776K, used 139591K [0x00000000e0000000, 0x00000000ea400000, 0x0000000100000000)
  eden space 130560K, 100% used [0x00000000e0000000,0x00000000e7f80000,0x00000000e7f80000)
  from space 9216K, 97% used [0x00000000e9b00000,0x00000000ea3d1e98,0x00000000ea400000)
  to   space 11776K, 0% used [0x00000000e8d00000,0x00000000e8d00000,0x00000000e9880000)
 ParOldGen       total 89088K, used 14814K [0x00000000a0000000, 0x00000000a5700000, 0x00000000e0000000)
  object space 89088K, 16% used [0x00000000a0000000,0x00000000a0e77818,0x00000000a5700000)
 Metaspace       used 48163K, capacity 50434K, committed 50776K, reserved 1093632K
  class space    used 6507K, capacity 6959K, committed 7040K, reserved 1048576K
Event: 8.241 GC heap after
Heap after GC invocations=13 (full 2):
 PSYoungGen      total 156160K, used 11774K [0x00000000e0000000, 0x00000000eba00000, 0x0000000100000000)
  eden space 144384K, 0% used [0x00000000e0000000,0x00000000e0000000,0x00000000e8d00000)
  from space 11776K, 99% used [0x00000000e8d00000,0x00000000e987faa0,0x00000000e9880000)
  to   space 15360K, 0% used [0x00000000eab00000,0x00000000eab00000,0x00000000eba00000)
 ParOldGen       total 89088K, used 20914K [0x00000000a0000000, 0x00000000a5700000, 0x00000000e0000000)
  object space 89088K, 23% used [0x00000000a0000000,0x00000000a146cb50,0x00000000a5700000)
 Metaspace       used 48163K, capacity 50434K, committed 50776K, reserved 1093632K
  class space    used 6507K, capacity 6959K, committed 7040K, reserved 1048576K
}

